{
  "0 debug pnpm:scope": {
    "selected": 1
  },
  "1 error pnpm": {
    "code": "ELIFECYCLE",
    "errno": "ENOENT",
    "syscall": "spawn",
    "file": "sh",
    "pkgid": "@exercism/javascript-lasagna@",
    "stage": "test",
    "script": "jest ./*",
    "pkgname": "@exercism/javascript-lasagna",
    "err": {
      "name": "pnpm",
      "message": "@exercism/javascript-lasagna@ test: `jest ./*`\nspawn ENOENT",
      "code": "ELIFECYCLE",
      "stack": "pnpm: @exercism/javascript-lasagna@ test: `jest ./*`\nspawn ENOENT\n    at ChildProcess.<anonymous> (/Users/sonny/.asdf/installs/nodejs/16.15.0/.npm/lib/node_modules/pnpm/dist/pnpm.cjs:94974:22)\n    at ChildProcess.emit (node:events:527:28)\n    at maybeClose (node:internal/child_process:1092:16)\n    at Process.ChildProcess._handle.onexit (node:internal/child_process:302:5)"
    }
  },
  "2 warn pnpm:global": " Local package.json exists, but node_modules missing, did you mean to install?"
}